#
# There is insufficient memory for the Java Runtime Environment to continue.
# Native memory allocation (malloc) failed to allocate 104736 bytes for Chunk::new
# Possible reasons:
#   The system is out of physical RAM or swap space
#   In 32 bit mode, the process size limit was hit
# Possible solutions:
#   Reduce memory load on the system
#   Increase physical memory or swap space
#   Check if swap backing store is full
#   Use 64 bit Java on a 64 bit OS
#   Decrease Java heap size (-Xmx/-Xms)
#   Decrease number of Java threads
#   Decrease Java thread stack sizes (-Xss)
#   Set larger code cache with -XX:ReservedCodeCacheSize=
# This output file may be truncated or incomplete.
#
#  Out of Memory Error (allocation.cpp:390), pid=50428, tid=69888
#
# JRE version: Java(TM) SE Runtime Environment (8.0_66-b17) (build 1.8.0_66-b17)
# Java VM: Java HotSpot(TM) 64-Bit Server VM (25.66-b17 mixed mode windows-amd64 compressed oops)
# Failed to write core dump. Minidumps are not enabled by default on client versions of Windows
#

---------------  T H R E A D  ---------------

Current thread (0x000000001c554000):  JavaThread "C2 CompilerThread0" daemon [_thread_in_native, id=69888, stack(0x000000001dba0000,0x000000001dca0000)]

Stack: [0x000000001dba0000,0x000000001dca0000]
[error occurred during error reporting (printing stack bounds), id 0xc0000005]

Native frames: (J=compiled Java code, j=interpreted, Vv=VM code, C=native code)


Current CompileTask:
C2:  14066 1674       4       freemarker.core.FMParserTokenManager::jjFillToken (90 bytes)


---------------  P R O C E S S  ---------------

Java Threads: ( => current thread )
  0x000000001f563800 JavaThread "Okio Watchdog" daemon [_thread_blocked, id=21596, stack(0x00000000210b0000,0x00000000211b0000)]
  0x000000001fc45800 JavaThread "OkHttp ConnectionPool" daemon [_thread_blocked, id=9872, stack(0x0000000020fb0000,0x00000000210b0000)]
  0x000000001ebb3000 JavaThread "Exec Stream Pumper" daemon [_thread_in_native, id=60736, stack(0x0000000020bb0000,0x0000000020cb0000)]
  0x000000001f768000 JavaThread "Exec Stream Pumper" daemon [_thread_in_native, id=52872, stack(0x0000000020ab0000,0x0000000020bb0000)]
  0x000000001fcb3800 JavaThread "UrlChecker-2" daemon [_thread_blocked, id=25920, stack(0x00000000209b0000,0x0000000020ab0000)]
  0x000000001fd74000 JavaThread "Exec Default Executor" daemon [_thread_in_native, id=52452, stack(0x00000000208b0000,0x00000000209b0000)]
  0x000000001e9d6000 JavaThread "ReaderThread" [_thread_in_native, id=70024, stack(0x000000001f1e0000,0x000000001f2e0000)]
  0x000000001dedd800 JavaThread "Service Thread" daemon [_thread_blocked, id=28076, stack(0x000000001e2a0000,0x000000001e3a0000)]
  0x000000001c568000 JavaThread "C1 CompilerThread2" daemon [_thread_blocked, id=28836, stack(0x000000001dda0000,0x000000001dea0000)]
  0x000000001c559000 JavaThread "C2 CompilerThread1" daemon [_thread_in_native, id=54860, stack(0x000000001dca0000,0x000000001dda0000)]
=>0x000000001c554000 JavaThread "C2 CompilerThread0" daemon [_thread_in_native, id=69888, stack(0x000000001dba0000,0x000000001dca0000)]
  0x000000001c553000 JavaThread "Attach Listener" daemon [_thread_blocked, id=53412, stack(0x000000001daa0000,0x000000001dba0000)]
  0x000000001c551800 JavaThread "Signal Dispatcher" daemon [_thread_blocked, id=48336, stack(0x000000001d9a0000,0x000000001daa0000)]
  0x00000000031c9800 JavaThread "Finalizer" daemon [_thread_blocked, id=43312, stack(0x000000001d7a0000,0x000000001d8a0000)]
  0x000000001c519800 JavaThread "Reference Handler" daemon [_thread_blocked, id=57092, stack(0x000000001d6a0000,0x000000001d7a0000)]
  0x00000000030d4000 JavaThread "main" [_thread_in_vm, id=17060, stack(0x0000000002fb0000,0x00000000030b0000)]

Other Threads:
  0x000000001c517000 VMThread [stack: 0x000000001d5a0000,0x000000001d6a0000] [id=59048]
  0x000000001df04800 WatcherThread [stack: 0x000000001e3a0000,0x000000001e4a0000] [id=14872]

VM state:not at safepoint (normal execution)

VM Mutex/Monitor currently owned by a thread: None

Heap:
 PSYoungGen      total 75264K, used 34056K [0x000000076c980000, 0x0000000771d80000, 0x00000007c0000000)
  eden space 64512K, 36% used [0x000000076c980000,0x000000076e05bc10,0x0000000770880000)
  from space 10752K, 99% used [0x0000000770880000,0x00000007712e6568,0x0000000771300000)
  to   space 10752K, 0% used [0x0000000771300000,0x0000000771300000,0x0000000771d80000)
 ParOldGen       total 172032K, used 80K [0x00000006c5c00000, 0x00000006d0400000, 0x000000076c980000)
  object space 172032K, 0% used [0x00000006c5c00000,0x00000006c5c14010,0x00000006d0400000)
 Metaspace       used 20085K, capacity 20908K, committed 21120K, reserved 1067008K
  class space    used 2604K, capacity 2818K, committed 2944K, reserved 1048576K

Card table byte_map: [0x0000000012590000,0x0000000012d70000] byte_map_base: 0x000000000ef62000

Marking Bits: (ParMarkBitMap*) 0x000000007333a5b0
 Begin Bits: [0x00000000136b0000, 0x0000000017540000)
 End Bits:   [0x0000000017540000, 0x000000001b3d0000)

Polling page: 0x0000000001750000

CodeCache: size=245760Kb used=5622Kb max_used=5622Kb free=240137Kb
 bounds [0x00000000031d0000, 0x0000000003760000, 0x00000000121d0000]
 total_blobs=2113 nmethods=1677 adapters=348
 compilation: enabled

Compilation events (10 events):
Event: 14.042 Thread 0x000000001c568000 1673       3       freemarker.core.TemplateObject::setLocation (22 bytes)
Event: 14.042 Thread 0x000000001c568000 nmethod 1673 0x000000000374c910 code [0x000000000374ca80, 0x000000000374cca8]
Event: 14.047 Thread 0x000000001c554000 1674       4       freemarker.core.FMParserTokenManager::jjFillToken (90 bytes)
Event: 14.060 Thread 0x000000001c568000 1675       3       freemarker.core.FMParser::jj_3_3 (46 bytes)
Event: 14.060 Thread 0x000000001c568000 nmethod 1675 0x000000000374cd90 code [0x000000000374cf20, 0x000000000374d248]
Event: 14.061 Thread 0x000000001c568000 1676   !   3       freemarker.core.FMParser::jj_2_2 (61 bytes)
Event: 14.061 Thread 0x000000001c568000 nmethod 1676 0x000000000374d310 code [0x000000000374d4c0, 0x000000000374d968]
Event: 14.062 Thread 0x000000001c568000 1677       3       freemarker.core.FMParser::RangeExpression (335 bytes)
Event: 14.064 Thread 0x000000001c568000 nmethod 1677 0x000000000374db50 code [0x000000000374de80, 0x000000000374f0c8]
Event: 14.064 Thread 0x000000001c568000 1678       3       java.util.AbstractCollection::isEmpty (13 bytes)

GC Heap History (2 events):
Event: 2.480 GC heap before
{Heap before GC invocations=1 (full 0):
 PSYoungGen      total 75264K, used 64512K [0x000000076c980000, 0x0000000771d80000, 0x00000007c0000000)
  eden space 64512K, 100% used [0x000000076c980000,0x0000000770880000,0x0000000770880000)
  from space 10752K, 0% used [0x0000000771300000,0x0000000771300000,0x0000000771d80000)
  to   space 10752K, 0% used [0x0000000770880000,0x0000000770880000,0x0000000771300000)
 ParOldGen       total 172032K, used 0K [0x00000006c5c00000, 0x00000006d0400000, 0x000000076c980000)
  object space 172032K, 0% used [0x00000006c5c00000,0x00000006c5c00000,0x00000006d0400000)
 Metaspace       used 17593K, capacity 18332K, committed 18688K, reserved 1064960K
  class space    used 2238K, capacity 2458K, committed 2560K, reserved 1048576K
Event: 2.493 GC heap after
Heap after GC invocations=1 (full 0):
 PSYoungGen      total 75264K, used 10649K [0x000000076c980000, 0x0000000771d80000, 0x00000007c0000000)
  eden space 64512K, 0% used [0x000000076c980000,0x000000076c980000,0x0000000770880000)
  from space 10752K, 99% used [0x0000000770880000,0x00000007712e6568,0x0000000771300000)
  to   space 10752K, 0% used [0x0000000771300000,0x0000000771300000,0x0000000771d80000)
 ParOldGen       total 172032K, used 80K [0x00000006c5c00000, 0x00000006d0400000, 0x000000076c980000)
  object space 172032K, 0% used [0x00000006c5c00000,0x00000006c5c14010,0x00000006d0400000)
 Metaspace       used 17593K, capacity 18332K, committed 18688K, reserved 1064960K
  class space    used 2238K, capacity 2458K, committed 2560K, reserved 1048576K
}

Deoptimization events (10 events):
Event: 1.689 Thread 0x000000001fcb3800 Uncommon trap: reason=unstable_if action=reinterpret pc=0x0000000003560d14 method=java.lang.CharacterDataLatin1.digit(II)I @ 82
Event: 2.200 Thread 0x000000001fcb3800 Uncommon trap: reason=unstable_if action=reinterpret pc=0x0000000003567fd4 method=java.lang.CharacterDataLatin1.digit(II)I @ 82
Event: 2.453 Thread 0x00000000030d4000 Uncommon trap: reason=unstable_if action=reinterpret pc=0x0000000003629f2c method=java.util.regex.Pattern$BmpCharProperty.match(Ljava/util/regex/Matcher;ILjava/lang/CharSequence;)Z @ 34
Event: 4.943 Thread 0x00000000030d4000 Uncommon trap: reason=class_check action=maybe_recompile pc=0x0000000003682df8 method=org.openqa.selenium.json.Input.init()V @ 18
Event: 4.943 Thread 0x00000000030d4000 Uncommon trap: reason=class_check action=maybe_recompile pc=0x0000000003682df8 method=org.openqa.selenium.json.Input.init()V @ 18
Event: 4.943 Thread 0x00000000030d4000 Uncommon trap: reason=class_check action=maybe_recompile pc=0x0000000003682df8 method=org.openqa.selenium.json.Input.init()V @ 18
Event: 4.943 Thread 0x00000000030d4000 Uncommon trap: reason=class_check action=maybe_recompile pc=0x0000000003682df8 method=org.openqa.selenium.json.Input.init()V @ 18
Event: 4.960 Thread 0x00000000030d4000 Uncommon trap: reason=unstable_if action=reinterpret pc=0x00000000035fcc40 method=java.util.concurrent.ConcurrentHashMap.putVal(Ljava/lang/Object;Ljava/lang/Object;Z)Ljava/lang/Object; @ 181
Event: 13.159 Thread 0x00000000030d4000 Uncommon trap: reason=unstable_if action=reinterpret pc=0x00000000034db974 method=java.util.concurrent.ConcurrentHashMap.get(Ljava/lang/Object;)Ljava/lang/Object; @ 76
Event: 13.961 Thread 0x00000000030d4000 Uncommon trap: reason=unstable_if action=reinterpret pc=0x00000000037077ac method=freemarker.core.SimpleCharStream.readChar()C @ 32

Internal exceptions (10 events):
Event: 2.190 Thread 0x000000001fcb3800 Exception <a 'java/net/SocketTimeoutException': connect timed out> (0x000000076f98d778) thrown at [C:\re\workspace\8-2-build-windows-amd64-cygwin\jdk8u66\4988\hotspot\src\share\vm\prims\jni.cpp, line 735]
Event: 2.223 Thread 0x00000000030d4000 Exception <a 'java/lang/IncompatibleClassChangeError': Found class java.lang.Object, but interface was expected> (0x000000076fd3dec8) thrown at [C:\re\workspace\8-2-build-windows-amd64-cygwin\jdk8u66\4988\hotspot\src\share\vm\interpreter\linkResolver.cpp, Ôón,(Ì@
Event: 2.225 Thread 0x00000000030d4000 Exception <a 'java/lang/NoSuchMethodError': java.lang.Object.lambda$or$12(Ljava/util/function/Predicate;Ljava/lang/Object;)Z> (0x000000076fd47fc8) thrown at [C:\re\workspace\8-2-build-windows-amd64-cygwin\jdk8u66\4988\hotspot\src\share\vm\interpreter\linkR“’y?Éx@
Event: 2.309 Thread 0x00000000030d4000 Exception <a 'java/lang/NoSuchMethodError': java.lang.Object.lambda$chars$1()Ljava/util/Spliterator$OfInt;> (0x0000000770089970) thrown at [C:\re\workspace\8-2-build-windows-amd64-cygwin\jdk8u66\4988\hotspot\src\share\vm\interpreter\linkResolver.cpp, line Æô)l«Î@
Event: 4.952 Thread 0x00000000030d4000 Exception <a 'java/lang/NoSuchMethodError': java.lang.Object.lambda$getResponseFunction$0(Lorg/openqa/selenium/remote/InitialHandshakeResponse;)Lorg/openqa/selenium/remote/ProtocolHandshake$Result;> (0x000000076cba21d8) thrown at [C:\re\workspace\8-2-build=_X£Ãø@
Event: 4.993 Thread 0x00000000030d4000 Exception <a 'java/net/SocketTimeoutException': Read timed out> (0x000000076cdf9608) thrown at [C:\re\workspace\8-2-build-windows-amd64-cygwin\jdk8u66\4988\hotspot\src\share\vm\prims\jni.cpp, line 735]
Event: 5.005 Thread 0x00000000030d4000 Exception <a 'java/net/SocketTimeoutException': Read timed out> (0x000000076ce107f0) thrown at [C:\re\workspace\8-2-build-windows-amd64-cygwin\jdk8u66\4988\hotspot\src\share\vm\prims\jni.cpp, line 735]
Event: 13.143 Thread 0x00000000030d4000 Exception <a 'java/lang/NoSuchMethodError': java.lang.Object.lambda$comparing$77a9974f$1(Ljava/util/function/Function;Ljava/lang/Object;Ljava/lang/Object;)I> (0x000000076ce56d08) thrown at [C:\re\workspace\8-2-build-windows-amd64-cygwin\jdk8u66\4988\hotspoÖ¢ª®èK*@
Event: 13.148 Thread 0x00000000030d4000 Exception <a 'java/lang/reflect/InvocationTargetException'> (0x000000076ce77608) thrown at [C:\re\workspace\8-2-build-windows-amd64-cygwin\jdk8u66\4988\hotspot\src\share\vm\runtime\reflection.cpp, line 1092]
Event: 13.845 Thread 0x00000000030d4000 Exception <a 'java/lang/NoClassDefFoundError': org/python/core/PyException> (0x000000076de5ad78) thrown at [C:\re\workspace\8-2-build-windows-amd64-cygwin\jdk8u66\4988\hotspot\src\share\vm\classfile\systemDictionary.cpp, line 199]

Events (10 events):
Event: 13.961 Thread 0x00000000030d4000 DEOPT PACKING pc=0x00000000037077ac sp=0x00000000030ad8c0
Event: 13.961 Thread 0x00000000030d4000 DEOPT UNPACKING pc=0x000000000321582a sp=0x00000000030ad868 mode 2
Event: 13.964 loading class freemarker/core/FMParser$ParserIteratorBlockContext
Event: 13.964 loading class freemarker/core/FMParser$ParserIteratorBlockContext done
Event: 13.994 loading class freemarker/core/CallPlaceCustomDataInitializationException
Event: 13.994 loading class freemarker/core/CallPlaceCustomDataInitializationException done
Event: 13.995 loading class freemarker/template/EmptyMap
Event: 13.995 loading class freemarker/template/EmptyMap done
Event: 13.995 loading class freemarker/core/NonUserDefinedDirectiveLikeException
Event: 13.995 loading class freemarker/core/NonUserDefinedDirectiveLikeException done


Dynamic libraries:
0x00007ff6811d0000 - 0x00007ff681207000 	C:\Program Files\Java\jre1.8.0_66\bin\javaw.exe
0x00007ffec5410000 - 0x00007ffec55fd000 	C:\Windows\SYSTEM32\ntdll.dll
0x00007ffec4b90000 - 0x00007ffec4c43000 	C:\Windows\System32\KERNEL32.DLL
0x00007ffec1720000 - 0x00007ffec19b3000 	C:\Windows\System32\KERNELBASE.dll
0x00007ffec4a20000 - 0x00007ffec4ac3000 	C:\Windows\System32\ADVAPI32.dll
0x00007ffec3ec0000 - 0x00007ffec3f5e000 	C:\Windows\System32\msvcrt.dll
0x00007ffec4d60000 - 0x00007ffec4dfe000 	C:\Windows\System32\sechost.dll
0x00007ffec3f60000 - 0x00007ffec4082000 	C:\Windows\System32\RPCRT4.dll
0x00007ffec3d10000 - 0x00007ffec3ea7000 	C:\Windows\System32\USER32.dll
0x00007ffec1500000 - 0x00007ffec1520000 	C:\Windows\System32\win32u.dll
0x00007ffec4c50000 - 0x00007ffec4c79000 	C:\Windows\System32\GDI32.dll
0x00007ffec1cc0000 - 0x00007ffec1e59000 	C:\Windows\System32\gdi32full.dll
0x00007ffec1a40000 - 0x00007ffec1ae0000 	C:\Windows\System32\msvcp_win.dll
0x00007ffec1520000 - 0x00007ffec161a000 	C:\Windows\System32\ucrtbase.dll
0x00007ffeb1b00000 - 0x00007ffeb1d79000 	C:\Windows\WinSxS\amd64_microsoft.windows.common-controls_6595b64144ccf1df_6.0.17763.1039_none_de701650534c7021\COMCTL32.dll
0x00007ffec4f00000 - 0x00007ffec522c000 	C:\Windows\System32\combase.dll
0x00007ffec19c0000 - 0x00007ffec1a3e000 	C:\Windows\System32\bcryptPrimitives.dll
0x00007ffec4e00000 - 0x00007ffec4e2e000 	C:\Windows\System32\IMM32.DLL
0x00000000728d0000 - 0x00000000729a2000 	C:\Program Files\Java\jre1.8.0_66\bin\msvcr100.dll
0x0000000072b30000 - 0x00000000733b9000 	C:\Program Files\Java\jre1.8.0_66\bin\server\jvm.dll
0x00007ffec4200000 - 0x00007ffec4208000 	C:\Windows\System32\PSAPI.DLL
0x00007ffebff50000 - 0x00007ffebff59000 	C:\Windows\SYSTEM32\WSOCK32.dll
0x00007ffec49b0000 - 0x00007ffec4a1d000 	C:\Windows\System32\WS2_32.dll
0x00007ffebcb50000 - 0x00007ffebcb74000 	C:\Windows\SYSTEM32\WINMM.dll
0x00007ffeb4d70000 - 0x00007ffeb4d7a000 	C:\Windows\SYSTEM32\VERSION.dll
0x00007ffebcb20000 - 0x00007ffebcb4d000 	C:\Windows\SYSTEM32\WINMMBASE.dll
0x00007ffec1620000 - 0x00007ffec166a000 	C:\Windows\System32\cfgmgr32.dll
0x0000000072a40000 - 0x0000000072a4f000 	C:\Program Files\Java\jre1.8.0_66\bin\verify.dll
0x0000000072a10000 - 0x0000000072a39000 	C:\Program Files\Java\jre1.8.0_66\bin\java.dll
0x00000000729f0000 - 0x0000000072a06000 	C:\Program Files\Java\jre1.8.0_66\bin\zip.dll
0x00007ffec2690000 - 0x00007ffec3b84000 	C:\Windows\System32\SHELL32.dll
0x00007ffec3c60000 - 0x00007ffec3d08000 	C:\Windows\System32\shcore.dll
0x00007ffec1e60000 - 0x00007ffec25ad000 	C:\Windows\System32\windows.storage.dll
0x00007ffec1460000 - 0x00007ffec1484000 	C:\Windows\System32\profapi.dll
0x00007ffec1400000 - 0x00007ffec145d000 	C:\Windows\System32\powrprof.dll
0x00007ffec4b30000 - 0x00007ffec4b82000 	C:\Windows\System32\shlwapi.dll
0x00007ffec14b0000 - 0x00007ffec14c1000 	C:\Windows\System32\kernel.appcore.dll
0x00007ffec2610000 - 0x00007ffec2627000 	C:\Windows\System32\cryptsp.dll
0x00000000729d0000 - 0x00000000729ea000 	C:\Program Files\Java\jre1.8.0_66\bin\net.dll
0x00007ffec0c70000 - 0x00007ffec0cd7000 	C:\Windows\system32\mswsock.dll
0x00007ffec09d0000 - 0x00007ffec0a96000 	C:\Windows\SYSTEM32\DNSAPI.dll
0x00007ffec3eb0000 - 0x00007ffec3eb8000 	C:\Windows\System32\NSI.dll
0x00007ffec0990000 - 0x00007ffec09cd000 	C:\Windows\SYSTEM32\IPHLPAPI.DLL
0x00007ffeb33c0000 - 0x00007ffeb33ca000 	C:\Windows\System32\rasadhlp.dll
0x00007ffeb3780000 - 0x00007ffeb37f9000 	C:\Windows\System32\fwpuclnt.dll
0x00007ffec14d0000 - 0x00007ffec14f6000 	C:\Windows\System32\bcrypt.dll
0x00007ffec07f0000 - 0x00007ffec0823000 	C:\Windows\system32\rsaenh.dll
0x00007ffec1330000 - 0x00007ffec1358000 	C:\Windows\SYSTEM32\USERENV.dll
0x00007ffec0e40000 - 0x00007ffec0e4c000 	C:\Windows\SYSTEM32\CRYPTBASE.dll
0x00007ffeb6d30000 - 0x00007ffeb6d46000 	C:\Windows\SYSTEM32\dhcpcsvc6.DLL
0x00007ffeb6d70000 - 0x00007ffeb6d8c000 	C:\Windows\SYSTEM32\dhcpcsvc.DLL
0x00000000729b0000 - 0x00000000729c1000 	C:\Program Files\Java\jre1.8.0_66\bin\nio.dll
0x00007ffeb14a0000 - 0x00007ffeb14b6000 	C:\Windows\system32\napinsp.dll
0x00007ffeaff90000 - 0x00007ffeaffaa000 	C:\Windows\system32\pnrpnsp.dll
0x00007ffeb1a40000 - 0x00007ffeb1a4e000 	C:\Windows\System32\winrnr.dll
0x00007ffebe310000 - 0x00007ffebe32b000 	C:\Windows\system32\NLAapi.dll
0x00007ffeb89a0000 - 0x00007ffeb89b5000 	C:\Windows\system32\wshbth.dll
0x0000000072590000 - 0x00000000725b4000 	C:\Program Files\Java\jre1.8.0_66\bin\sunec.dll
0x00000000728c0000 - 0x00000000728cb000 	C:\Program Files\Java\jre1.8.0_66\bin\sunmscapi.dll
0x00007ffec1ae0000 - 0x00007ffec1cbc000 	C:\Windows\System32\CRYPT32.dll
0x00007ffec1490000 - 0x00007ffec14a2000 	C:\Windows\System32\MSASN1.dll

VM Arguments:
jvm_args: -ea -Dfile.encoding=Cp1252 
java_command: org.testng.remote.RemoteTestNG -serport 61155 -protocol json -d C:\Sumiran\Prompt Solution\New folder\promptsolution\test-output C:\Users\Admin\AppData\Local\Temp\testng-eclipse-1674851529\testng-customsuite.xml
java_class_path (initial): C:\Users\Admin\eclipse\java-2019-12\eclipse\configuration\org.eclipse.osgi\487\0\.cp\lib\testng-remote.jar;C:\Sumiran\Prompt Solution\New folder\promptsolution\target\test-classes;C:\Sumiran\Prompt Solution\New folder\promptsolution\target\classes;C:\Users\Admin\.p2\pool\plugins\org.testng_7.0.0.r201908191551.jar;C:\Users\Admin\.p2\pool\plugins\com.beust.jcommander_1.72.0.jar;C:\Users\Admin\.p2\pool\plugins\org.apache-extras.beanshell.bsh_2.0.0.b6.jar;C:\Users\Admin\.p2\pool\plugins\org.yaml.snakeyaml_1.21.0.jar;C:\Users\Admin\.m2\repository\org\seleniumhq\selenium\selenium-java\3.141.59\selenium-java-3.141.59.jar;C:\Users\Admin\.m2\repository\org\seleniumhq\selenium\selenium-api\3.141.59\selenium-api-3.141.59.jar;C:\Users\Admin\.m2\repository\org\seleniumhq\selenium\selenium-chrome-driver\3.141.59\selenium-chrome-driver-3.141.59.jar;C:\Users\Admin\.m2\repository\org\seleniumhq\selenium\selenium-edge-driver\3.141.59\selenium-edge-driver-3.141.59.jar;C:\Users\Admin\.m2\repository\org\seleniumhq\selenium\selenium-firefox-driver\3.141.59\selenium-firefox-driver-3.141.59.jar;C:\Users\Admin\.m2\repository\org\seleniumhq\selenium\selenium-ie-driver\3.141.59\selenium-ie-driver-3.141.59.jar;C:\Users\Admin\.m2\repository\org\seleniumhq\selenium\selenium-opera-driver\3.141.59\selenium-opera-driver-3.141.59.jar;C:\Users\Admin\.m2\repository\org\seleniumhq\selenium\selenium-remote-driver\3.141.59\selenium-remote-driver-3.141.59.jar;C:\Users\Admin\.m2\repository\org\seleniumhq\selenium\selenium-safari-driver\3.141.59\selenium-safari-driver-3.141.59.jar;C:\Users\Admin\.m2\repository\net\bytebuddy\byte-buddy\1.8.15\byte-buddy-1.8.15.jar;C:\Users\Admin\.m2\repository\org\apache\commons\commons-exec\1.3\commons-exec-1.3.jar;C:\Users\Admin\.m2\repository\com\squareup\okhttp3\okhttp\3.11.0\okhttp-3.11.0.jar;C:\Users\Admin\.m2\repository\com\squareup\okio\okio\1.14.0\okio-1.14.0.jar;C:\Users\Admin\.m2\repository\org\seleniumhq\selenium\selenium-support\3.14
Launcher Type: SUN_STANDARD

Environment Variables:
PATH=C:/Program Files/Java/jre1.8.0_66/bin/server;C:/Program Files/Java/jre1.8.0_66/bin;C:/Program Files/Java/jre1.8.0_66/lib/amd64;C:\Program Files\Python36\Scripts\;C:\Program Files\Python36\;C:\Program Files (x86)\Common Files\Oracle\Java\javapath;C:\ProgramData\Oracle\Java\javapath;C:\Windows\system32;C:\Windows;C:\Windows\System32\Wbem;C:\Windows\System32\WindowsPowerShell\v1.0\;C:\Windows\System32\OpenSSH\;C:\Program Files\PuTTY\;C:\Users\Admin\AppData\Local\Microsoft\WindowsApps;;C:\Users\Admin\Desktop;
USERNAME=Admin
OS=Windows_NT
PROCESSOR_IDENTIFIER=Intel64 Family 6 Model 61 Stepping 4, GenuineIntel



---------------  S Y S T E M  ---------------

OS: Windows 10.0 , 64 bit Build 17763 (10.0.17763.475)

CPU:total 4 (2 cores per cpu, 2 threads per core) family 6 model 61 stepping 4, cmov, cx8, fxsr, mmx, sse, sse2, sse3, ssse3, sse4.1, sse4.2, popcnt, avx, avx2, aes, clmul, erms, 3dnowpref, lzcnt, ht, tsc, tscinvbit, bmi1, bmi2, adx

Memory: 4k page, physical 16394852k(3781824k free), swap 30976864k(6120k free)

vm_info: Java HotSpot(TM) 64-Bit Server VM (25.66-b17) for windows-amd64 JRE (1.8.0_66-b17), built on Oct  6 2015 18:55:33 by "java_re" with MS VC++ 10.0 (VS2010)

time: Wed Apr 01 11:49:48 2020
elapsed time: 14 seconds (0d 0h 0m 14s)

